{
  "RSpec": {
    "coverage": {
      "/Users/apprentice/Desktop/GradePending/grade_pending/app/helpers/application_helper.rb": [
        1,
        null
      ],
      "/Users/apprentice/Desktop/GradePending/grade_pending/app/controllers/restaurants_controller.rb": [
        1,
        1,
        2,
        2,
        0,
        0,
        0,
        0,
        0,
        null,
        null,
        null,
        null
      ],
      "/Users/apprentice/Desktop/GradePending/grade_pending/app/controllers/application_controller.rb": [
        1,
        null,
        null,
        1,
        null
      ],
      "/Users/apprentice/Desktop/GradePending/grade_pending/app/models/restaurant.rb": [
        1,
        1,
        1,
        1,
        1,
        1,
        1,
        1,
        1,
        1,
        1,
        1,
        1,
        1,
        1,
        1,
        1,
        1,
        1,
        null,
        1,
        null,
        1,
        6,
        null,
        null,
        1,
        1,
        null,
        null,
        1,
        1,
        1,
        1,
        1,
        null,
        null,
        1,
        null,
        null,
        null,
        null,
        1,
        null,
        null,
        null
      ]
    },
    "timestamp": 1405949750
  }
}
